[ 2016-06-04T00:08:45+08:00 ] 127.0.0.1 /favicon.ico
INFO: [ app_init ] --START--
INFO: Run Behavior\BuildLiteBehavior [ RunTime:0.000032s ]
INFO: [ app_init ] --END-- [ RunTime:0.000741s ]
ERR: Êó†Ê≥ïÂä†ËΩΩÊ®°Âùó:Favicon

[ 2016-06-04T00:08:51+08:00 ] 127.0.0.1 /favicon.ico
INFO: [ app_init ] --START--
INFO: Run Behavior\BuildLiteBehavior [ RunTime:0.000017s ]
INFO: [ app_init ] --END-- [ RunTime:0.000388s ]
ERR: Êó†Ê≥ïÂä†ËΩΩÊ®°Âùó:Favicon

[ 2016-06-04T00:08:51+08:00 ] ::1 /favicon.ico
INFO: [ app_init ] --START--
INFO: Run Behavior\BuildLiteBehavior [ RunTime:0.000018s ]
INFO: [ app_init ] --END-- [ RunTime:0.000512s ]
ERR: Êó†Ê≥ïÂä†ËΩΩÊ®°Âùó:Favicon

[ 2016-06-04T00:26:28+08:00 ] ::1 /Shop/Public/js/jquery.min.map
INFO: [ app_init ] --START--
INFO: Run Behavior\BuildLiteBehavior [ RunTime:0.000032s ]
INFO: [ app_init ] --END-- [ RunTime:0.001343s ]
ERR: Êó†Ê≥ïÂä†ËΩΩÊ®°Âùó:Shop

[ 2016-06-04T00:27:05+08:00 ] ::1 /Shop/Public/js/jquery.min.map
INFO: [ app_init ] --START--
INFO: Run Behavior\BuildLiteBehavior [ RunTime:0.000031s ]
INFO: [ app_init ] --END-- [ RunTime:0.000680s ]
ERR: Êó†Ê≥ïÂä†ËΩΩÊ®°Âùó:Shop

[ 2016-06-04T00:27:05+08:00 ] ::1 /Shop/Public/js/jquery.min.map
INFO: [ app_init ] --START--
INFO: Run Behavior\BuildLiteBehavior [ RunTime:0.000031s ]
INFO: [ app_init ] --END-- [ RunTime:0.000711s ]
ERR: Êó†Ê≥ïÂä†ËΩΩÊ®°Âùó:Shop

[ 2016-06-04T00:27:06+08:00 ] ::1 /Shop/Public/js/jquery.min.map
INFO: [ app_init ] --START--
INFO: Run Behavior\BuildLiteBehavior [ RunTime:0.000022s ]
INFO: [ app_init ] --END-- [ RunTime:0.000509s ]
ERR: Êó†Ê≥ïÂä†ËΩΩÊ®°Âùó:Shop

[ 2016-06-04T00:27:08+08:00 ] ::1 /Shop/Public/js/jquery.min.map
INFO: [ app_init ] --START--
INFO: Run Behavior\BuildLiteBehavior [ RunTime:0.000034s ]
INFO: [ app_init ] --END-- [ RunTime:0.000822s ]
ERR: Êó†Ê≥ïÂä†ËΩΩÊ®°Âùó:Shop

[ 2016-06-04T00:27:19+08:00 ] ::1 /Shop/Public/js/jquery.min.map
INFO: [ app_init ] --START--
INFO: Run Behavior\BuildLiteBehavior [ RunTime:0.000035s ]
INFO: [ app_init ] --END-- [ RunTime:0.001078s ]
ERR: Êó†Ê≥ïÂä†ËΩΩÊ®°Âùó:Shop

[ 2016-06-04T00:27:44+08:00 ] ::1 /Shop/Public/js/jquery.min.map
INFO: [ app_init ] --START--
INFO: Run Behavior\BuildLiteBehavior [ RunTime:0.000031s ]
INFO: [ app_init ] --END-- [ RunTime:0.000690s ]
ERR: Êó†Ê≥ïÂä†ËΩΩÊ®°Âùó:Shop

[ 2016-06-04T00:27:44+08:00 ] ::1 /Shop/Public/js/jquery.min.map
INFO: [ app_init ] --START--
INFO: Run Behavior\BuildLiteBehavior [ RunTime:0.000028s ]
INFO: [ app_init ] --END-- [ RunTime:0.000517s ]
ERR: Êó†Ê≥ïÂä†ËΩΩÊ®°Âùó:Shop

[ 2016-06-04T00:27:46+08:00 ] ::1 /Shop/Public/js/jquery.min.map
INFO: [ app_init ] --START--
INFO: Run Behavior\BuildLiteBehavior [ RunTime:0.000029s ]
INFO: [ app_init ] --END-- [ RunTime:0.000779s ]
ERR: Êó†Ê≥ïÂä†ËΩΩÊ®°Âùó:Shop

[ 2016-06-04T00:27:52+08:00 ] ::1 /Shop/Public/js/jquery.min.map
INFO: [ app_init ] --START--
INFO: Run Behavior\BuildLiteBehavior [ RunTime:0.000033s ]
INFO: [ app_init ] --END-- [ RunTime:0.000734s ]
ERR: Êó†Ê≥ïÂä†ËΩΩÊ®°Âùó:Shop

[ 2016-06-04T00:27:53+08:00 ] ::1 /Shop/Public/js/jquery.min.map
INFO: [ app_init ] --START--
INFO: Run Behavior\BuildLiteBehavior [ RunTime:0.000031s ]
INFO: [ app_init ] --END-- [ RunTime:0.000475s ]
ERR: Êó†Ê≥ïÂä†ËΩΩÊ®°Âùó:Shop

[ 2016-06-04T00:27:53+08:00 ] ::1 /Shop/Public/js/jquery.min.map
INFO: [ app_init ] --START--
INFO: Run Behavior\BuildLiteBehavior [ RunTime:0.000034s ]
INFO: [ app_init ] --END-- [ RunTime:0.000661s ]
ERR: Êó†Ê≥ïÂä†ËΩΩÊ®°Âùó:Shop

[ 2016-06-04T00:27:57+08:00 ] ::1 /Shop/Public/js/jquery.min.map
INFO: [ app_init ] --START--
INFO: Run Behavior\BuildLiteBehavior [ RunTime:0.000019s ]
INFO: [ app_init ] --END-- [ RunTime:0.000565s ]
ERR: Êó†Ê≥ïÂä†ËΩΩÊ®°Âùó:Shop

[ 2016-06-04T00:28:41+08:00 ] ::1 /Shop/Public/js/jquery.min.map
INFO: [ app_init ] --START--
INFO: Run Behavior\BuildLiteBehavior [ RunTime:0.000032s ]
INFO: [ app_init ] --END-- [ RunTime:0.000856s ]
ERR: Êó†Ê≥ïÂä†ËΩΩÊ®°Âùó:Shop

[ 2016-06-04T00:28:44+08:00 ] ::1 /Shop/Public/js/jquery.min.map
INFO: [ app_init ] --START--
INFO: Run Behavior\BuildLiteBehavior [ RunTime:0.000040s ]
INFO: [ app_init ] --END-- [ RunTime:0.000592s ]
ERR: Êó†Ê≥ïÂä†ËΩΩÊ®°Âùó:Shop

[ 2016-06-04T00:30:19+08:00 ] ::1 /Shop/Public/js/jquery.min.map
INFO: [ app_init ] --START--
INFO: Run Behavior\BuildLiteBehavior [ RunTime:0.000022s ]
INFO: [ app_init ] --END-- [ RunTime:0.000667s ]
ERR: Êó†Ê≥ïÂä†ËΩΩÊ®°Âùó:Shop

[ 2016-06-04T00:30:20+08:00 ] ::1 /Shop/Public/js/jquery.min.map
INFO: [ app_init ] --START--
INFO: Run Behavior\BuildLiteBehavior [ RunTime:0.000031s ]
INFO: [ app_init ] --END-- [ RunTime:0.000848s ]
ERR: Êó†Ê≥ïÂä†ËΩΩÊ®°Âùó:Shop

[ 2016-06-04T00:30:20+08:00 ] ::1 /Shop/Public/js/jquery.min.map
INFO: [ app_init ] --START--
INFO: Run Behavior\BuildLiteBehavior [ RunTime:0.000030s ]
INFO: [ app_init ] --END-- [ RunTime:0.000702s ]
ERR: Êó†Ê≥ïÂä†ËΩΩÊ®°Âùó:Shop

[ 2016-06-04T00:30:22+08:00 ] ::1 /Shop/Public/js/jquery.min.map
INFO: [ app_init ] --START--
INFO: Run Behavior\BuildLiteBehavior [ RunTime:0.000036s ]
INFO: [ app_init ] --END-- [ RunTime:0.002052s ]
ERR: Êó†Ê≥ïÂä†ËΩΩÊ®°Âùó:Shop

[ 2016-06-04T00:30:31+08:00 ] ::1 /Shop/Public/js/jquery.min.map
INFO: [ app_init ] --START--
INFO: Run Behavior\BuildLiteBehavior [ RunTime:0.000020s ]
INFO: [ app_init ] --END-- [ RunTime:0.000496s ]
ERR: Êó†Ê≥ïÂä†ËΩΩÊ®°Âùó:Shop

[ 2016-06-04T00:30:40+08:00 ] ::1 /Shop/Public/js/jquery.min.map
INFO: [ app_init ] --START--
INFO: Run Behavior\BuildLiteBehavior [ RunTime:0.000057s ]
INFO: [ app_init ] --END-- [ RunTime:0.000761s ]
ERR: Êó†Ê≥ïÂä†ËΩΩÊ®°Âùó:Shop

[ 2016-06-04T00:32:06+08:00 ] ::1 /Shop/Public/js/jquery.min.map
INFO: [ app_init ] --START--
INFO: Run Behavior\BuildLiteBehavior [ RunTime:0.000020s ]
INFO: [ app_init ] --END-- [ RunTime:0.000460s ]
ERR: Êó†Ê≥ïÂä†ËΩΩÊ®°Âùó:Shop

[ 2016-06-04T00:32:24+08:00 ] ::1 /Shop/Public/js/jquery.min.map
INFO: [ app_init ] --START--
INFO: Run Behavior\BuildLiteBehavior [ RunTime:0.000030s ]
INFO: [ app_init ] --END-- [ RunTime:0.000706s ]
ERR: Êó†Ê≥ïÂä†ËΩΩÊ®°Âùó:Shop

[ 2016-06-04T00:33:29+08:00 ] ::1 /Shop/Public/js/jquery.min.map
INFO: [ app_init ] --START--
INFO: Run Behavior\BuildLiteBehavior [ RunTime:0.000020s ]
INFO: [ app_init ] --END-- [ RunTime:0.000577s ]
ERR: Êó†Ê≥ïÂä†ËΩΩÊ®°Âùó:Shop

[ 2016-06-04T00:34:31+08:00 ] ::1 /Shop/Public/js/jquery.min.map
INFO: [ app_init ] --START--
INFO: Run Behavior\BuildLiteBehavior [ RunTime:0.000020s ]
INFO: [ app_init ] --END-- [ RunTime:0.000645s ]
ERR: Êó†Ê≥ïÂä†ËΩΩÊ®°Âùó:Shop

[ 2016-06-04T00:34:42+08:00 ] ::1 /Shop/Public/js/jquery.min.map
INFO: [ app_init ] --START--
INFO: Run Behavior\BuildLiteBehavior [ RunTime:0.000018s ]
INFO: [ app_init ] --END-- [ RunTime:0.000435s ]
ERR: Êó†Ê≥ïÂä†ËΩΩÊ®°Âùó:Shop

[ 2016-06-04T00:34:47+08:00 ] ::1 /Shop/Public/js/jquery.min.map
INFO: [ app_init ] --START--
INFO: Run Behavior\BuildLiteBehavior [ RunTime:0.000030s ]
INFO: [ app_init ] --END-- [ RunTime:0.000701s ]
ERR: Êó†Ê≥ïÂä†ËΩΩÊ®°Âùó:Shop

[ 2016-06-04T00:34:51+08:00 ] ::1 /Shop/Public/js/jquery.min.map
INFO: [ app_init ] --START--
INFO: Run Behavior\BuildLiteBehavior [ RunTime:0.000018s ]
INFO: [ app_init ] --END-- [ RunTime:0.000432s ]
ERR: Êó†Ê≥ïÂä†ËΩΩÊ®°Âùó:Shop

[ 2016-06-04T00:34:55+08:00 ] ::1 /Shop/Public/js/jquery.min.map
INFO: [ app_init ] --START--
INFO: Run Behavior\BuildLiteBehavior [ RunTime:0.000020s ]
INFO: [ app_init ] --END-- [ RunTime:0.000449s ]
ERR: Êó†Ê≥ïÂä†ËΩΩÊ®°Âùó:Shop

[ 2016-06-04T00:35:05+08:00 ] ::1 /Shop/Public/js/jquery.min.map
INFO: [ app_init ] --START--
INFO: Run Behavior\BuildLiteBehavior [ RunTime:0.000019s ]
INFO: [ app_init ] --END-- [ RunTime:0.000524s ]
ERR: Êó†Ê≥ïÂä†ËΩΩÊ®°Âùó:Shop

[ 2016-06-04T00:35:39+08:00 ] ::1 /Shop/Public/js/jquery.min.map
INFO: [ app_init ] --START--
INFO: Run Behavior\BuildLiteBehavior [ RunTime:0.000022s ]
INFO: [ app_init ] --END-- [ RunTime:0.000779s ]
ERR: Êó†Ê≥ïÂä†ËΩΩÊ®°Âùó:Shop

[ 2016-06-04T00:35:46+08:00 ] ::1 /Shop/Public/js/jquery.min.map
INFO: [ app_init ] --START--
INFO: Run Behavior\BuildLiteBehavior [ RunTime:0.000024s ]
INFO: [ app_init ] --END-- [ RunTime:0.000604s ]
ERR: Êó†Ê≥ïÂä†ËΩΩÊ®°Âùó:Shop

[ 2016-06-04T00:37:31+08:00 ] ::1 /favicon.ico
INFO: [ app_init ] --START--
INFO: Run Behavior\BuildLiteBehavior [ RunTime:0.000017s ]
INFO: [ app_init ] --END-- [ RunTime:0.000415s ]
ERR: Êó†Ê≥ïÂä†ËΩΩÊ®°Âùó:Favicon

[ 2016-06-04T00:37:31+08:00 ] ::1 /favicon.ico
INFO: [ app_init ] --START--
INFO: Run Behavior\BuildLiteBehavior [ RunTime:0.000020s ]
INFO: [ app_init ] --END-- [ RunTime:0.000592s ]
ERR: Êó†Ê≥ïÂä†ËΩΩÊ®°Âùó:Favicon

[ 2016-06-04T00:37:36+08:00 ] ::1 /Shop/Public/css/style.min.css?v=4.0.0
INFO: [ app_init ] --START--
INFO: Run Behavior\BuildLiteBehavior [ RunTime:0.000030s ]
INFO: [ app_init ] --END-- [ RunTime:0.000780s ]
ERR: Êó†Ê≥ïÂä†ËΩΩÊ®°Âùó:Shop

[ 2016-06-04T00:37:36+08:00 ] ::1 /Shop/Public/css/animate.min.css
INFO: [ app_init ] --START--
INFO: Run Behavior\BuildLiteBehavior [ RunTime:0.000037s ]
INFO: [ app_init ] --END-- [ RunTime:0.000828s ]
ERR: Êó†Ê≥ïÂä†ËΩΩÊ®°Âùó:Shop

°Âùó:Shop

[ 2016-06-04T00:38:08+08:00 ] ::1 /Shop/Public/css/style.min.css?v=4.0.0
INFO: [ app_init ] --START--
INFO: Run Behavior\BuildLiteBehavior [ RunTime:0.000032s ]
INFO: [ app_init ] --END-- [ RunTime:0.000727s ]
ERR: Êó†Ê≥ïÂä†ËΩΩÊ®°Âùó:Shop

[ 2016-06-04T00:38:08+08:00 ] ::1 /Shop/Public/css/animate.min.css
INFO: [ app_init ] --START--
INFO: Run Behavior\BuildLiteBehavior [ RunTime:0.000030s ]
INFO: [ app_init ] --END-- [ RunTime:0.000726s ]
ERR: Êó†Ê≥ïÂä†ËΩΩÊ®°Âùó:Shop

[ 2016-06-04T00:38:08+08:00 ] ::1 /Shop/Public/css/font-awesome.min.css?v=4.4.0
INFO: [ app_init ] --START--
INFO: Run Behavior\BuildLiteBehavior [ RunTime:0.000020s ]
INFO: [ app_init ] --END-- [ RunTime:0.000566s ]
ERR: Êó†Ê≥ïÂä†ËΩΩÊ®°Âùó:Shop

[ 2016-06-04T10:36:25+08:00 ] ::1 /favicon.ico
INFO: [ app_init ] --START--
INFO: Run Behavior\BuildLiteBehavior [ RunTime:0.000019s ]
INFO: [ app_init ] --END-- [ RunTime:0.000444s ]
ERR: Êó†Ê≥ïÂä†ËΩΩÊ®°Âùó:Favicon

[ 2016-06-04T10:36:25+08:00 ] ::1 /favicon.ico
INFO: [ app_init ] --START--
INFO: Run Behavior\BuildLiteBehavior [ RunTime:0.000021s ]
INFO: [ app_init ] --END-- [ RunTime:0.000882s ]
ERR: Êó†Ê≥ïÂä†ËΩΩÊ®°Âùó:Favicon

[ 2016-06-04T10:45:31+08:00 ] ::1 /Shop/Public/js/jquery.min.map
INFO: [ app_init ] --START--
INFO: Run Behavior\BuildLiteBehavior [ RunTime:0.000034s ]
INFO: [ app_init ] --END-- [ RunTime:0.001032s ]
ERR: Êó†Ê≥ïÂä†ËΩΩÊ®°Âùó:Shop

[ 2016-06-04T10:46:04+08:00 ] ::1 /Shop/Public/js/jquery.min.map
INFO: [ app_init ] --START--
INFO: Run Behavior\BuildLiteBehavior [ RunTime:0.000037s ]
INFO: [ app_init ] --END-- [ RunTime:0.000916s ]
ERR: Êó†Ê≥ïÂä†ËΩΩÊ®°Âùó:Shop

[ 2016-06-04T10:46:04+08:00 ] ::1 /Shop/Public/js/jquery.min.map
INFO: [ app_init ] --START--
INFO: Run Behavior\BuildLiteBehavior [ RunTime:0.000033s ]
INFO: [ app_init ] --END-- [ RunTime:0.000684s ]
ERR: Êó†Ê≥ïÂä†ËΩΩÊ®°Âùó:Shop

[ 2016-06-04T10:46:04+08:00 ] ::1 /Shop/Public/js/jquery.min.map
INFO: [ app_init ] --START--
INFO: Run Behavior\BuildLiteBehavior [ RunTime:0.000025s ]
INFO: [ app_init ] --END-- [ RunTime:0.001312s ]
ERR: Êó†Ê≥ïÂä†ËΩΩÊ®°Âùó:Shop

[ 2016-06-04T10:46:16+08:00 ] ::1 /Shop/Public/js/jquery.min.map
INFO: [ app_init ] --START--
INFO: Run Behavior\BuildLiteBehavior [ RunTime:0.000035s ]
INFO: [ app_init ] --END-- [ RunTime:0.004152s ]
ERR: Êó†Ê≥ïÂä†ËΩΩÊ®°Âùó:Shop

[ 2016-06-04T10:46:16+08:00 ] ::1 /Shop/Public/js/jquery.min.map
INFO: [ app_init ] --START--
INFO: Run Behavior\BuildLiteBehavior [ RunTime:0.000039s ]
INFO: [ app_init ] --END-- [ RunTime:0.000937s ]
ERR: Êó†Ê≥ïÂä†ËΩΩÊ®°Âùó:Shop

[ 2016-06-04T10:46:17+08:00 ] ::1 /Shop/Public/js/jquery.min.map
INFO: [ app_init ] --START--
INFO: Run Behavior\BuildLiteBehavior [ RunTime:0.000033s ]
INFO: [ app_init ] --END-- [ RunTime:0.000865s ]
ERR: Êó†Ê≥ïÂä†ËΩΩÊ®°Âùó:Shop

[ 2016-06-04T10:47:09+08:00 ] ::1 /Shop/Public/js/jquery.min.map
INFO: [ app_init ] --START--
INFO: Run Behavior\BuildLiteBehavior [ RunTime:0.000020s ]
INFO: [ app_init ] --END-- [ RunTime:0.000464s ]
ERR: Êó†Ê≥ïÂä†ËΩΩÊ®°Âùó:Shop

[ 2016-06-04T10:47:09+08:00 ] ::1 /Shop/Public/js/jquery.min.map
INFO: [ app_init ] --START--
INFO: Run Behavior\BuildLiteBehavior [ RunTime:0.000031s ]
INFO: [ app_init ] --END-- [ RunTime:0.000733s ]
ERR: Êó†Ê≥ïÂä†ËΩΩÊ®°Âùó:Shop

[ 2016-06-04T10:49:10+08:00 ] ::1 /Shop/Public/js/jquery.min.map
INFO: [ app_init ] --START--
INFO: Run Behavior\BuildLiteBehavior [ RunTime:0.000031s ]
INFO: [ app_init ] --END-- [ RunTime:0.000929s ]
ERR: Êó†Ê≥ïÂä†ËΩΩÊ®°Âùó:Shop

[ 2016-06-04T10:49:10+08:00 ] ::1 /Shop/Public/js/jquery.min.map
INFO: [ app_init ] --START--
INFO: Run Behavior\BuildLiteBehavior [ RunTime:0.000020s ]
INFO: [ app_init ] --END-- [ RunTime:0.000602s ]
ERR: Êó†Ê≥ïÂä†ËΩΩÊ®°Âùó:Shop

[ 2016-06-04T10:49:29+08:00 ] ::1 /Shop/Public/js/jquery.min.map
INFO: [ app_init ] --START--
INFO: Run Behavior\BuildLiteBehavior [ RunTime:0.000032s ]
INFO: [ app_init ] --END-- [ RunTime:0.001059s ]
ERR: Êó†Ê≥ïÂä†ËΩΩÊ®°Âùó:Shop

[ 2016-06-04T10:49:29+08:00 ] ::1 /Shop/Public/js/jquery.min.map
INFO: [ app_init ] --START--
INFO: Run Behavior\BuildLiteBehavior [ RunTime:0.000020s ]
INFO: [ app_init ] --END-- [ RunTime:0.000478s ]
ERR: Êó†Ê≥ïÂä†ËΩΩÊ®°Âùó:Shop

[ 2016-06-04T10:49:29+08:00 ] ::1 /Shop/Public/js/jquery.min.map
INFO: [ app_init ] --START--
INFO: Run Behavior\BuildLiteBehavior [ RunTime:0.000029s ]
INFO: [ app_init ] --END-- [ RunTime:0.000657s ]
ERR: Êó†Ê≥ïÂä†ËΩΩÊ®°Âùó:Shop

[ 2016-06-04T10:49:39+08:00 ] ::1 /Shop/Public/js/jquery.min.map
INFO: [ app_init ] --START--
INFO: Run Behavior\BuildLiteBehavior [ RunTime:0.000036s ]
INFO: [ app_init ] --END-- [ RunTime:0.000796s ]
ERR: Êó†Ê≥ïÂä†ËΩΩÊ®°Âùó:Shop

[ 2016-06-04T10:49:40+08:00 ] ::1 /Shop/Public/js/jquery.min.map
INFO: [ app_init ] --START--
INFO: Run Behavior\BuildLiteBehavior [ RunTime:0.000035s ]
INFO: [ app_init ] --END-- [ RunTime:0.001503s ]
ERR: Êó†Ê≥ïÂä†ËΩΩÊ®°Âùó:Shop

[ 2016-06-04T10:50:31+08:00 ] ::1 /Shop/Public/js/jquery.min.map
INFO: [ app_init ] --START--
INFO: Run Behavior\BuildLiteBehavior [ RunTime:0.000044s ]
INFO: [ app_init ] --END-- [ RunTime:0.000990s ]
ERR: Êó†Ê≥ïÂä†ËΩΩÊ®°Âùó:Shop

[ 2016-06-04T10:50:31+08:00 ] ::1 /Shop/Public/js/jquery.min.map
INFO: [ app_init ] --START--
INFO: Run Behavior\BuildLiteBehavior [ RunTime:0.000032s ]
INFO: [ app_init ] --END-- [ RunTime:0.000706s ]
ERR: Êó†Ê≥ïÂä†ËΩΩÊ®°Âùó:Shop

[ 2016-06-04T10:50:31+08:00 ] ::1 /Shop/Public/js/jquery.min.map
INFO: [ app_init ] --START--
INFO: Run Behavior\BuildLiteBehavior [ RunTime:0.000020s ]
INFO: [ app_init ] --END-- [ RunTime:0.000512s ]
ERR: Êó†Ê≥ïÂä†ËΩΩÊ®°Âùó:Shop

[ 2016-06-04T10:53:29+08:00 ] ::1 /Shop/Public/js/jquery.min.map
INFO: [ app_init ] --START--
INFO: Run Behavior\BuildLiteBehavior [ RunTime:0.000035s ]
INFO: [ app_init ] --END-- [ RunTime:0.000814s ]
ERR: Êó†Ê≥ïÂä†ËΩΩÊ®°Âùó:Shop

[ 2016-06-04T10:53:29+08:00 ] ::1 /Shop/Public/js/jquery.min.map
INFO: [ app_init ] --START--
INFO: Run Behavior\BuildLiteBehavior [ RunTime:0.000032s ]
INFO: [ app_init ] --END-- [ RunTime:0.000923s ]
ERR: Êó†Ê≥ïÂä†ËΩΩÊ®°Âùó:Shop

[ 2016-06-04T10:53:55+08:00 ] ::1 /Shop/Public/js/jquery.min.map
INFO: [ app_init ] --START--
INFO: Run Behavior\BuildLiteBehavior [ RunTime:0.000037s ]
INFO: [ app_init ] --END-- [ RunTime:0.000800s ]
ERR: Êó†Ê≥ïÂä†ËΩΩÊ®°Âùó:Shop

[ 2016-06-04T10:53:55+08:00 ] ::1 /Shop/Public/js/jquery.min.map
INFO: [ app_init ] --START--
INFO: Run Behavior\BuildLiteBehavior [ RunTime:0.000032s ]
INFO: [ app_init ] --END-- [ RunTime:0.000883s ]
ERR: Êó†Ê≥ïÂä†ËΩΩÊ®°Âùó:Shop

[ 2016-06-04T10:54:02+08:00 ] ::1 /Shop/Public/js/jquery.min.map
INFO: [ app_init ] --START--
INFO: Run Behavior\BuildLiteBehavior [ RunTime:0.000032s ]
INFO: [ app_init ] --END-- [ RunTime:0.001104s ]
ERR: Êó†Ê≥ïÂä†ËΩΩÊ®°Âùó:Shop

[ 2016-06-04T10:54:03+08:00 ] ::1 /Shop/Public/js/jquery.min.map
INFO: [ app_init ] --START--
INFO: Run Behavior\BuildLiteBehavior [ RunTime:0.000022s ]
INFO: [ app_init ] --END-- [ RunTime:0.000614s ]
ERR: Êó†Ê≥ïÂä†ËΩΩÊ®°Âùó:Shop

[ 2016-06-04T10:54:27+08:00 ] ::1 /Shop/Public/js/jquery.min.map
INFO: [ app_init ] --START--
INFO: Run Behavior\BuildLiteBehavior [ RunTime:0.000031s ]
INFO: [ app_init ] --END-- [ RunTime:0.000659s ]
ERR: Êó†Ê≥ïÂä†ËΩΩÊ®°Âùó:Shop

[ 2016-06-04T10:54:27+08:00 ] ::1 /Shop/Public/js/jquery.min.map
INFO: [ app_init ] --START--
INFO: Run Behavior\BuildLiteBehavior [ RunTime:0.000077s ]
INFO: [ app_init ] --END-- [ RunTime:0.001250s ]
ERR: Êó†Ê≥ïÂä†ËΩΩÊ®°Âùó:Shop

[ 2016-06-04T10:54:27+08:00 ] ::1 /Shop/Public/js/jquery.min.map
INFO: [ app_init ] --START--
INFO: Run Behavior\BuildLiteBehavior [ RunTime:0.000028s ]
INFO: [ app_init ] --END-- [ RunTime:0.000819s ]
ERR: Êó†Ê≥ïÂä†ËΩΩÊ®°Âùó:Shop

[ 2016-06-04T10:54:35+08:00 ] ::1 /Shop/Public/js/jquery.min.map
INFO: [ app_init ] --START--
INFO: Run Behavior\BuildLiteBehavior [ RunTime:0.000030s ]
INFO: [ app_init ] --END-- [ RunTime:0.000763s ]
ERR: Êó†Ê≥ïÂä†ËΩΩÊ®°Âùó:Shop

[ 2016-06-04T10:54:35+08:00 ] ::1 /Shop/Public/js/jquery.min.map
INFO: [ app_init ] --START--
INFO: Run Behavior\BuildLiteBehavior [ RunTime:0.000020s ]
INFO: [ app_init ] --END-- [ RunTime:0.000489s ]
ERR: Êó†Ê≥ïÂä†ËΩΩÊ®°Âùó:Shop

[ 2016-06-04T10:54:35+08:00 ] ::1 /Shop/Public/js/jquery.min.map
INFO: [ app_init ] --START--
INFO: Run Behavior\BuildLiteBehavior [ RunTime:0.000032s ]
INFO: [ app_init ] --END-- [ RunTime:0.001034s ]
ERR: Êó†Ê≥ïÂä†ËΩΩÊ®°Âùó:Shop

[ 2016-06-04T10:55:10+08:00 ] ::1 /Shop/Public/js/jquery.min.map
INFO: [ app_init ] --START--
INFO: Run Behavior\BuildLiteBehavior [ RunTime:0.000029s ]
INFO: [ app_init ] --END-- [ RunTime:0.000683s ]
ERR: Êó†Ê≥ïÂä†ËΩΩÊ®°Âùó:Shop

[ 2016-06-04T10:55:11+08:00 ] ::1 /Shop/Public/js/jquery.min.map
INFO: [ app_init ] --START--
INFO: Run Behavior\BuildLiteBehavior [ RunTime:0.000034s ]
INFO: [ app_init ] --END-- [ RunTime:0.000842s ]
ERR: Êó†Ê≥ïÂä†ËΩΩÊ®°Âùó:Shop

[ 2016-06-04T10:55:11+08:00 ] ::1 /Shop/Public/js/jquery.min.map
INFO: [ app_init ] --START--
INFO: Run Behavior\BuildLiteBehavior [ RunTime:0.000023s ]
INFO: [ app_init ] --END-- [ RunTime:0.000822s ]
ERR: Êó†Ê≥ïÂä†ËΩΩÊ®°Âùó:Shop

[ 2016-06-04T10:56:11+08:00 ] ::1 /Shop/Public/js/jquery.min.map
INFO: [ app_init ] --START--
INFO: Run Behavior\BuildLiteBehavior [ RunTime:0.000034s ]
INFO: [ app_init ] --END-- [ RunTime:0.000796s ]
ERR: Êó†Ê≥ïÂä†ËΩΩÊ®°Âùó:Shop

[ 2016-06-04T10:56:11+08:00 ] ::1 /Shop/Public/js/jquery.min.map
INFO: [ app_init ] --START--
INFO: Run Behavior\BuildLiteBehavior [ RunTime:0.000039s ]
INFO: [ app_init ] --END-- [ RunTime:0.001040s ]
ERR: Êó†Ê≥ïÂä†ËΩΩÊ®°Âùó:Shop

[ 2016-06-04T10:56:11+08:00 ] ::1 /Shop/Public/js/jquery.min.map
INFO: [ app_init ] --START--
INFO: Run Behavior\BuildLiteBehavior [ RunTime:0.000036s ]
INFO: [ app_init ] --END-- [ RunTime:0.000946s ]
ERR: Êó†Ê≥ïÂä†ËΩΩÊ®°Âùó:Shop

[ 2016-06-04T10:59:52+08:00 ] ::1 /Shop/Public/js/jquery.min.map
INFO: [ app_init ] --START--
INFO: Run Behavior\BuildLiteBehavior [ RunTime:0.000021s ]
INFO: [ app_init ] --END-- [ RunTime:0.000625s ]
ERR: Êó†Ê≥ïÂä†ËΩΩÊ®°Âùó:Shop

[ 2016-06-04T11:06:17+08:00 ] ::1 /Shop/Public/js/jquery.min.map
INFO: [ app_init ] --START--
INFO: Run Behavior\BuildLiteBehavior [ RunTime:0.000032s ]
INFO: [ app_init ] --END-- [ RunTime:0.000962s ]
ERR: Êó†Ê≥ïÂä†ËΩΩÊ®°Âùó:Shop

[ 2016-06-04T11:07:24+08:00 ] ::1 /Shop/Public/js/jquery.min.map
INFO: [ app_init ] --START--
INFO: Run Behavior\BuildLiteBehavior [ RunTime:0.000019s ]
INFO: [ app_init ] --END-- [ RunTime:0.000548s ]
ERR: Êó†Ê≥ïÂä†ËΩΩÊ®°Âùó:Shop

[ 2016-06-04T11:07:55+08:00 ] ::1 /Shop/Public/js/jquery.min.map
INFO: [ app_init ] --START--
INFO: Run Behavior\BuildLiteBehavior [ RunTime:0.000034s ]
INFO: [ app_init ] --END-- [ RunTime:0.000843s ]
ERR: Êó†Ê≥ïÂä†ËΩΩÊ®°Âùó:Shop

[ 2016-06-04T11:08:28+08:00 ] ::1 /Shop/Public/js/jquery.min.map
INFO: [ app_init ] --START--
INFO: Run Behavior\BuildLiteBehavior [ RunTime:0.000034s ]
INFO: [ app_init ] --END-- [ RunTime:0.001242s ]
ERR: Êó†Ê≥ïÂä†ËΩΩÊ®°Âùó:Shop

[ 2016-06-04T11:10:04+08:00 ] ::1 /Shop/Public/js/jquery.min.map
INFO: [ app_init ] --START--
INFO: Run Behavior\BuildLiteBehavior [ RunTime:0.000033s ]
INFO: [ app_init ] --END-- [ RunTime:0.001016s ]
ERR: Êó†Ê≥ïÂä†ËΩΩÊ®°Âùó:Shop

[ 2016-06-04T11:10:22+08:00 ] ::1 /Shop/Public/js/jquery.min.map
INFO: [ app_init ] --START--
INFO: Run Behavior\BuildLiteBehavior [ RunTime:0.000033s ]
INFO: [ app_init ] --END-- [ RunTime:0.000861s ]
ERR: Êó†Ê≥ïÂä†ËΩΩÊ®°Âùó:Shop

[ 2016-06-04T11:10:24+08:00 ] ::1 /Shop/Public/js/jquery.min.map
INFO: [ app_init ] --START--
INFO: Run Behavior\BuildLiteBehavior [ RunTime:0.000036s ]
INFO: [ app_init ] --END-- [ RunTime:0.001476s ]
ERR: Êó†Ê≥ïÂä†ËΩΩÊ®°Âùó:Shop

[ 2016-06-04T11:10:27+08:00 ] ::1 /Shop/Public/js/jquery.min.map
INFO: [ app_init ] --START--
INFO: Run Behavior\BuildLiteBehavior [ RunTime:0.000030s ]
INFO: [ app_init ] --END-- [ RunTime:0.000748s ]
ERR: Êó†Ê≥ïÂä†ËΩΩÊ®°Âùó:Shop

[ 2016-06-04T11:10:27+08:00 ] ::1 /Shop/Public/js/jquery.min.map
INFO: [ app_init ] --START--
INFO: Run Behavior\BuildLiteBehavior [ RunTime:0.000021s ]
INFO: [ app_init ] --END-- [ RunTime:0.000635s ]
ERR: Êó†Ê≥ïÂä†ËΩΩÊ®°Âùó:Shop

[ 2016-06-04T11:10:27+08:00 ] ::1 /Shop/Public/js/jquery.min.map
INFO: [ app_init ] --START--
INFO: Run Behavior\BuildLiteBehavior [ RunTime:0.000041s ]
INFO: [ app_init ] --END-- [ RunTime:0.000827s ]
ERR: Êó†Ê≥ïÂä†ËΩΩÊ®°Âùó:Shop

[ 2016-06-04T11:10:28+08:00 ] ::1 /Shop/Public/js/jquery.min.map
INFO: [ app_init ] --START--
INFO: Run Behavior\BuildLiteBehavior [ RunTime:0.000025s ]
INFO: [ app_init ] --END-- [ RunTime:0.000864s ]
ERR: Êó†Ê≥ïÂä†ËΩΩÊ®°Âùó:Shop

[ 2016-06-04T11:10:28+08:00 ] ::1 /Shop/Public/js/jquery.min.map
INFO: [ app_init ] --START--
INFO: Run Behavior\BuildLiteBehavior [ RunTime:0.000031s ]
INFO: [ app_init ] --END-- [ RunTime:0.000767s ]
ERR: Êó†Ê≥ïÂä†ËΩΩÊ®°Âùó:Shop

[ 2016-06-04T11:10:28+08:00 ] ::1 /Shop/Public/js/jquery.min.map
INFO: [ app_init ] --START--
INFO: Run Behavior\BuildLiteBehavior [ RunTime:0.000020s ]
INFO: [ app_init ] --END-- [ RunTime:0.000485s ]
ERR: Êó†Ê≥ïÂä†ËΩΩÊ®°Âùó:Shop

[ 2016-06-04T12:01:05+08:00 ] ::1 /Shop/Public/js/jquery.min.map
INFO: [ app_init ] --START--
INFO: Run Behavior\BuildLiteBehavior [ RunTime:0.000020s ]
INFO: [ app_init ] --END-- [ RunTime:0.000495s ]
ERR: Êó†Ê≥ïÂä†ËΩΩÊ®°Âùó:Shop

[ 2016-06-04T12:01:26+08:00 ] ::1 /Shop/Public/js/jquery.min.map
INFO: [ app_init ] --START--
INFO: Run Behavior\BuildLiteBehavior [ RunTime:0.000034s ]
INFO: [ app_init ] --END-- [ RunTime:0.000943s ]
ERR: Êó†Ê≥ïÂä†ËΩΩÊ®°Âùó:Shop

[ 2016-06-04T12:01:27+08:00 ] ::1 /Shop/Public/js/jquery.min.map
INFO: [ app_init ] --START--
INFO: Run Behavior\BuildLiteBehavior [ RunTime:0.000028s ]
INFO: [ app_init ] --END-- [ RunTime:0.000872s ]
ERR: Êó†Ê≥ïÂä†ËΩΩÊ®°Âùó:Shop

[ 2016-06-04T12:01:27+08:00 ] ::1 /Shop/Public/js/jquery.min.map
INFO: [ app_init ] --START--
INFO: Run Behavior\BuildLiteBehavior [ RunTime:0.000020s ]
INFO: [ app_init ] --END-- [ RunTime:0.000471s ]
ERR: Êó†Ê≥ïÂä†ËΩΩÊ®°Âùó:Shop

[ 2016-06-04T12:01:49+08:00 ] ::1 /Shop/Public/js/jquery.min.map
INFO: [ app_init ] --START--
INFO: Run Behavior\BuildLiteBehavior [ RunTime:0.000027s ]
INFO: [ app_init ] --END-- [ RunTime:0.000684s ]
ERR: Êó†Ê≥ïÂä†ËΩΩÊ®°Âùó:Shop

[ 2016-06-04T12:01:49+08:00 ] ::1 /Shop/Public/js/jquery.min.map
INFO: [ app_init ] --START--
INFO: Run Behavior\BuildLiteBehavior [ RunTime:0.000023s ]
INFO: [ app_init ] --END-- [ RunTime:0.000712s ]
ERR: Êó†Ê≥ïÂä†ËΩΩÊ®°Âùó:Shop

[ 2016-06-04T12:02:03+08:00 ] ::1 /Shop/Public/js/jquery.min.map
INFO: [ app_init ] --START--
INFO: Run Behavior\BuildLiteBehavior [ RunTime:0.000035s ]
INFO: [ app_init ] --END-- [ RunTime:0.000959s ]
ERR: Êó†Ê≥ïÂä†ËΩΩÊ®°Âùó:Shop

[ 2016-06-04T12:02:04+08:00 ] ::1 /Shop/Public/js/jquery.min.map
INFO: [ app_init ] --START--
INFO: Run Behavior\BuildLiteBehavior [ RunTime:0.000020s ]
INFO: [ app_init ] --END-- [ RunTime:0.000492s ]
ERR: Êó†Ê≥ïÂä†ËΩΩÊ®°Âùó:Shop

[ 2016-06-04T12:02:04+08:00 ] ::1 /Shop/Public/js/jquery.min.map
INFO: [ app_init ] --START--
INFO: Run Behavior\BuildLiteBehavior [ RunTime:0.000051s ]
INFO: [ app_init ] --END-- [ RunTime:0.001106s ]
ERR: Êó†Ê≥ïÂä†ËΩΩÊ®°Âùó:Shop

[ 2016-06-04T12:02:28+08:00 ] ::1 /Shop/Public/js/jquery.min.map
INFO: [ app_init ] --START--
INFO: Run Behavior\BuildLiteBehavior [ RunTime:0.000030s ]
INFO: [ app_init ] --END-- [ RunTime:0.000871s ]
ERR: Êó†Ê≥ïÂä†ËΩΩÊ®°Âùó:Shop

[ 2016-06-04T12:02:28+08:00 ] ::1 /Shop/Public/js/jquery.min.map
INFO: [ app_init ] --START--
INFO: Run Behavior\BuildLiteBehavior [ RunTime:0.000033s ]
INFO: [ app_init ] --END-- [ RunTime:0.000855s ]
ERR: Êó†Ê≥ïÂä†ËΩΩÊ®°Âùó:Shop

[ 2016-06-04T12:02:34+08:00 ] ::1 /Shop/Public/js/jquery.min.map
INFO: [ app_init ] --START--
INFO: Run Behavior\BuildLiteBehavior [ RunTime:0.000031s ]
INFO: [ app_init ] --END-- [ RunTime:0.000808s ]
ERR: Êó†Ê≥ïÂä†ËΩΩÊ®°Âùó:Shop

[ 2016-06-04T12:02:35+08:00 ] ::1 /Shop/Public/js/jquery.min.map
INFO: [ app_init ] --START--
INFO: Run Behavior\BuildLiteBehavior [ RunTime:0.000035s ]
INFO: [ app_init ] --END-- [ RunTime:0.000817s ]
ERR: Êó†Ê≥ïÂä†ËΩΩÊ®°Âùó:Shop

[ 2016-06-04T12:02:35+08:00 ] ::1 /Shop/Public/js/jquery.min.map
INFO: [ app_init ] --START--
INFO: Run Behavior\BuildLiteBehavior [ RunTime:0.000020s ]
INFO: [ app_init ] --END-- [ RunTime:0.000442s ]
ERR: Êó†Ê≥ïÂä†ËΩΩÊ®°Âùó:Shop

[ 2016-06-04T12:02:39+08:00 ] ::1 /Shop/Public/js/jquery.min.map
INFO: [ app_init ] --START--
INFO: Run Behavior\BuildLiteBehavior [ RunTime:0.000031s ]
INFO: [ app_init ] --END-- [ RunTime:0.000751s ]
ERR: Êó†Ê≥ïÂä†ËΩΩÊ®°Âùó:Shop

[ 2016-06-04T12:02:40+08:00 ] ::1 /Shop/Public/js/jquery.min.map
INFO: [ app_init ] --START--
INFO: Run Behavior\BuildLiteBehavior [ RunTime:0.000023s ]
INFO: [ app_init ] --END-- [ RunTime:0.000615s ]
ERR: Êó†Ê≥ïÂä†ËΩΩÊ®°Âùó:Shop

[ 2016-06-04T12:02:40+08:00 ] ::1 /Shop/Public/js/jquery.min.map
INFO: [ app_init ] --START--
INFO: Run Behavior\BuildLiteBehavior [ RunTime:0.000036s ]
INFO: [ app_init ] --END-- [ RunTime:0.000973s ]
ERR: Êó†Ê≥ïÂä†ËΩΩÊ®°Âùó:Shop

[ 2016-06-04T12:08:25+08:00 ] ::1 /Shop/Public/js/jquery.min.map
INFO: [ app_init ] --START--
INFO: Run Behavior\BuildLiteBehavior [ RunTime:0.000031s ]
INFO: [ app_init ] --END-- [ RunTime:0.000755s ]
ERR: Êó†Ê≥ïÂä†ËΩΩÊ®°Âùó:Shop

[ 2016-06-04T12:09:14+08:00 ] ::1 /Shop/Public/js/jquery.min.map
INFO: [ app_init ] --START--
INFO: Run Behavior\BuildLiteBehavior [ RunTime:0.000028s ]
INFO: [ app_init ] --END-- [ RunTime:0.000631s ]
ERR: Êó†Ê≥ïÂä†ËΩΩÊ®°Âùó:Shop

[ 2016-06-04T12:09:14+08:00 ] ::1 /Shop/Public/js/jquery.min.map
INFO: [ app_init ] --START--
INFO: Run Behavior\BuildLiteBehavior [ RunTime:0.000031s ]
INFO: [ app_init ] --END-- [ RunTime:0.000701s ]
ERR: Êó†Ê≥ïÂä†ËΩΩÊ®°Âùó:Shop

[ 2016-06-04T12:09:14+08:00 ] ::1 /Shop/Public/js/jquery.min.map
INFO: [ app_init ] --START--
INFO: Run Behavior\BuildLiteBehavior [ RunTime:0.000023s ]
INFO: [ app_init ] --END-- [ RunTime:0.001880s ]
ERR: Êó†Ê≥ïÂä†ËΩΩÊ®°Âùó:Shop

[ 2016-06-04T12:09:15+08:00 ] ::1 /Shop/Public/js/jquery.min.map
INFO: [ app_init ] --START--
INFO: Run Behavior\BuildLiteBehavior [ RunTime:0.000032s ]
INFO: [ app_init ] --END-- [ RunTime:0.000765s ]
ERR: Êó†Ê≥ïÂä†ËΩΩÊ®°Âùó:Shop

[ 2016-06-04T12:09:16+08:00 ] ::1 /Shop/Public/js/jquery.min.map
INFO: [ app_init ] --START--
INFO: Run Behavior\BuildLiteBehavior [ RunTime:0.000028s ]
INFO: [ app_init ] --END-- [ RunTime:0.000610s ]
ERR: Êó†Ê≥ïÂä†ËΩΩÊ®°Âùó:Shop

[ 2016-06-04T12:09:16+08:00 ] ::1 /Shop/Public/js/jquery.min.map
INFO: [ app_init ] --START--
INFO: Run Behavior\BuildLiteBehavior [ RunTime:0.000020s ]
INFO: [ app_init ] --END-- [ RunTime:0.000450s ]
ERR: Êó†Ê≥ïÂä†ËΩΩÊ®°Âùó:Shop

[ 2016-06-04T12:09:17+08:00 ] ::1 /Shop/Public/js/jquery.min.map
INFO: [ app_init ] --START--
INFO: Run Behavior\BuildLiteBehavior [ RunTime:0.000022s ]
INFO: [ app_init ] --END-- [ RunTime:0.000656s ]
ERR: Êó†Ê≥ïÂä†ËΩΩÊ®°Âùó:Shop

[ 2016-06-04T12:09:17+08:00 ] ::1 /Shop/Public/js/jquery.min.map
INFO: [ app_init ] --START--
INFO: Run Behavior\BuildLiteBehavior [ RunTime:0.000031s ]
INFO: [ app_init ] --END-- [ RunTime:0.000714s ]
ERR: Êó†Ê≥ïÂä†ËΩΩÊ®°Âùó:Shop

[ 2016-06-04T12:09:17+08:00 ] ::1 /Shop/Public/js/jquery.min.map
INFO: [ app_init ] --START--
INFO: Run Behavior\BuildLiteBehavior [ RunTime:0.000019s ]
INFO: [ app_init ] --END-- [ RunTime:0.000493s ]
ERR: Êó†Ê≥ïÂä†ËΩΩÊ®°Âùó:Shop

[ 2016-06-04T12:09:18+08:00 ] ::1 /Shop/Public/js/jquery.min.map
INFO: [ app_init ] --START--
INFO: Run Behavior\BuildLiteBehavior [ RunTime:0.000033s ]
INFO: [ app_init ] --END-- [ RunTime:0.000812s ]
ERR: Êó†Ê≥ïÂä†ËΩΩÊ®°Âùó:Shop

[ 2016-06-04T12:09:18+08:00 ] ::1 /Shop/Public/js/jquery.min.map
INFO: [ app_init ] --START--
INFO: Run Behavior\BuildLiteBehavior [ RunTime:0.000039s ]
INFO: [ app_init ] --END-- [ RunTime:0.000725s ]
ERR: Êó†Ê≥ïÂä†ËΩΩÊ®°Âùó:Shop

[ 2016-06-04T12:09:19+08:00 ] ::1 /Shop/Public/js/jquery.min.map
INFO: [ app_init ] --START--
INFO: Run Behavior\BuildLiteBehavior [ RunTime:0.000021s ]
INFO: [ app_init ] --END-- [ RunTime:0.000677s ]
ERR: Êó†Ê≥ïÂä†ËΩΩÊ®°Âùó:Shop

[ 2016-06-04T12:09:20+08:00 ] ::1 /Shop/Public/js/jquery.min.map
INFO: [ app_init ] --START--
INFO: Run Behavior\BuildLiteBehavior [ RunTime:0.000031s ]
INFO: [ app_init ] --END-- [ RunTime:0.000798s ]
ERR: Êó†Ê≥ïÂä†ËΩΩÊ®°Âùó:Shop

[ 2016-06-04T12:09:20+08:00 ] ::1 /Shop/Public/js/jquery.min.map
INFO: [ app_init ] --START--
INFO: Run Behavior\BuildLiteBehavior [ RunTime:0.000037s ]
INFO: [ app_init ] --END-- [ RunTime:0.000851s ]
ERR: Êó†Ê≥ïÂä†ËΩΩÊ®°Âùó:Shop

[ 2016-06-04T12:09:20+08:00 ] ::1 /Shop/Public/js/jquery.min.map
INFO: [ app_init ] --START--
INFO: Run Behavior\BuildLiteBehavior [ RunTime:0.000019s ]
INFO: [ app_init ] --END-- [ RunTime:0.000474s ]
ERR: Êó†Ê≥ïÂä†ËΩΩÊ®°Âùó:Shop

[ 2016-06-04T12:09:20+08:00 ] ::1 /Shop/Public/js/jquery.min.map
INFO: [ app_init ] --START--
INFO: Run Behavior\BuildLiteBehavior [ RunTime:0.000031s ]
INFO: [ app_init ] --END-- [ RunTime:0.000775s ]
ERR: Êó†Ê≥ïÂä†ËΩΩÊ®°Âùó:Shop

[ 2016-06-04T12:09:23+08:00 ] ::1 /Shop/Public/js/jquery.min.map
INFO: [ app_init ] --START--
INFO: Run Behavior\BuildLiteBehavior [ RunTime:0.000035s ]
INFO: [ app_init ] --END-- [ RunTime:0.000787s ]
ERR: Êó†Ê≥ïÂä†ËΩΩÊ®°Âùó:Shop

[ 2016-06-04T12:09:23+08:00 ] ::1 /Shop/Public/js/jquery.min.map
INFO: [ app_init ] --START--
INFO: Run Behavior\BuildLiteBehavior [ RunTime:0.000032s ]
INFO: [ app_init ] --END-- [ RunTime:0.000757s ]
ERR: Êó†Ê≥ïÂä†ËΩΩÊ®°Âùó:Shop

[ 2016-06-04T12:09:23+08:00 ] ::1 /Shop/Public/js/jquery.min.map
INFO: [ app_init ] --START--
INFO: Run Behavior\BuildLiteBehavior [ RunTime:0.000033s ]
INFO: [ app_init ] --END-- [ RunTime:0.000862s ]
ERR: Êó†Ê≥ïÂä†ËΩΩÊ®°Âùó:Shop

[ 2016-06-04T12:09:24+08:00 ] ::1 /Shop/Public/js/jquery.min.map
INFO: [ app_init ] --START--
INFO: Run Behavior\BuildLiteBehavior [ RunTime:0.000020s ]
INFO: [ app_init ] --END-- [ RunTime:0.000544s ]
ERR: Êó†Ê≥ïÂä†ËΩΩÊ®°Âùó:Shop

[ 2016-06-04T12:09:24+08:00 ] ::1 /Shop/Public/js/jquery.min.map
INFO: [ app_init ] --START--
INFO: Run Behavior\BuildLiteBehavior [ RunTime:0.000029s ]
INFO: [ app_init ] --END-- [ RunTime:0.000673s ]
ERR: Êó†Ê≥ïÂä†ËΩΩÊ®°Âùó:Shop

[ 2016-06-04T12:09:24+08:00 ] ::1 /Shop/Public/js/jquery.min.map
INFO: [ app_init ] --START--
INFO: Run Behavior\BuildLiteBehavior [ RunTime:0.000020s ]
INFO: [ app_init ] --END-- [ RunTime:0.000530s ]
ERR: Êó†Ê≥ïÂä†ËΩΩÊ®°Âùó:Shop

[ 2016-06-04T12:09:35+08:00 ] ::1 /Shop/Public/js/jquery.min.map
INFO: [ app_init ] --START--
INFO: Run Behavior\BuildLiteBehavior [ RunTime:0.000042s ]
INFO: [ app_init ] --END-- [ RunTime:0.000796s ]
ERR: Êó†Ê≥ïÂä†ËΩΩÊ®°Âùó:Shop

[ 2016-06-04T12:09:35+08:00 ] ::1 /Shop/Public/js/jquery.min.map
INFO: [ app_init ] --START--
INFO: Run Behavior\BuildLiteBehavior [ RunTime:0.000021s ]
INFO: [ app_init ] --END-- [ RunTime:0.000460s ]
ERR: Êó†Ê≥ïÂä†ËΩΩÊ®°Âùó:Shop

[ 2016-06-04T12:09:35+08:00 ] ::1 /Shop/Public/js/jquery.min.map
INFO: [ app_init ] --START--
INFO: Run Behavior\BuildLiteBehavior [ RunTime:0.000031s ]
INFO: [ app_init ] --END-- [ RunTime:0.000729s ]
ERR: Êó†Ê≥ïÂä†ËΩΩÊ®°Âùó:Shop

[ 2016-06-04T12:24:19+08:00 ] ::1 /Shop/Public/js/jquery.min.map
INFO: [ app_init ] --START--
INFO: Run Behavior\BuildLiteBehavior [ RunTime:0.000032s ]
INFO: [ app_init ] --END-- [ RunTime:0.000732s ]
ERR: Êó†Ê≥ïÂä†ËΩΩÊ®°Âùó:Shop

[ 2016-06-04T12:24:52+08:00 ] ::1 /Shop/Public/js/jquery.min.map
INFO: [ app_init ] --START--
INFO: Run Behavior\BuildLiteBehavior [ RunTime:0.000019s ]
INFO: [ app_init ] --END-- [ RunTime:0.000541s ]
ERR: Êó†Ê≥ïÂä†ËΩΩÊ®°Âùó:Shop

[ 2016-06-04T12:24:52+08:00 ] ::1 /Shop/Public/js/jquery.min.map
INFO: [ app_init ] --START--
INFO: Run Behavior\BuildLiteBehavior [ RunTime:0.000034s ]
INFO: [ app_init ] --END-- [ RunTime:0.000683s ]
ERR: Êó†Ê≥ïÂä†ËΩΩÊ®°Âùó:Shop

[ 2016-06-04T12:24:52+08:00 ] ::1 /Shop/Public/js/jquery.min.map
INFO: [ app_init ] --START--
INFO: Run Behavior\BuildLiteBehavior [ RunTime:0.000070s ]
INFO: [ app_init ] --END-- [ RunTime:0.002274s ]
ERR: Êó†Ê≥ïÂä†ËΩΩÊ®°Âùó:Shop

[ 2016-06-04T12:24:53+08:00 ] ::1 /Shop/Public/js/jquery.min.map
INFO: [ app_init ] --START--
INFO: Run Behavior\BuildLiteBehavior [ RunTime:0.000033s ]
INFO: [ app_init ] --END-- [ RunTime:0.000852s ]
ERR: Êó†Ê≥ïÂä†ËΩΩÊ®°Âùó:Shop

[ 2016-06-04T12:24:53+08:00 ] ::1 /Shop/Public/js/jquery.min.map
INFO: [ app_init ] --START--
INFO: Run Behavior\BuildLiteBehavior [ RunTime:0.000034s ]
INFO: [ app_init ] --END-- [ RunTime:0.000746s ]
ERR: Êó†Ê≥ïÂä†ËΩΩÊ®°Âùó:Shop

[ 2016-06-04T12:24:54+08:00 ] ::1 /Shop/Public/js/jquery.min.map
INFO: [ app_init ] --START--
INFO: Run Behavior\BuildLiteBehavior [ RunTime:0.000031s ]
INFO: [ app_init ] --END-- [ RunTime:0.000716s ]
ERR: Êó†Ê≥ïÂä†ËΩΩÊ®°Âùó:Shop

[ 2016-06-04T12:24:54+08:00 ] ::1 /Shop/Public/js/jquery.min.map
INFO: [ app_init ] --START--
INFO: Run Behavior\BuildLiteBehavior [ RunTime:0.000030s ]
INFO: [ app_init ] --END-- [ RunTime:0.000606s ]
ERR: Êó†Ê≥ïÂä†ËΩΩÊ®°Âùó:Shop

[ 2016-06-04T12:24:54+08:00 ] ::1 /Shop/Public/js/jquery.min.map
INFO: [ app_init ] --START--
INFO: Run Behavior\BuildLiteBehavior [ RunTime:0.000038s ]
INFO: [ app_init ] --END-- [ RunTime:0.001033s ]
ERR: Êó†Ê≥ïÂä†ËΩΩÊ®°Âùó:Shop

[ 2016-06-04T12:24:54+08:00 ] ::1 /Shop/Public/js/jquery.min.map
INFO: [ app_init ] --START--
INFO: Run Behavior\BuildLiteBehavior [ RunTime:0.000033s ]
INFO: [ app_init ] --END-- [ RunTime:0.000908s ]
ERR: Êó†Ê≥ïÂä†ËΩΩÊ®°Âùó:Shop

[ 2016-06-04T12:25:00+08:00 ] ::1 /Shop/Public/js/jquery.min.map
INFO: [ app_init ] --START--
INFO: Run Behavior\BuildLiteBehavior [ RunTime:0.000031s ]
INFO: [ app_init ] --END-- [ RunTime:0.000719s ]
ERR: Êó†Ê≥ïÂä†ËΩΩÊ®°Âùó:Shop

[ 2016-06-04T12:25:00+08:00 ] ::1 /Shop/Public/js/jquery.min.map
INFO: [ app_init ] --START--
INFO: Run Behavior\BuildLiteBehavior [ RunTime:0.000032s ]
INFO: [ app_init ] --END-- [ RunTime:0.000729s ]
ERR: Êó†Ê≥ïÂä†ËΩΩÊ®°Âùó:Shop

[ 2016-06-04T12:25:01+08:00 ] ::1 /Shop/Public/js/jquery.min.map
INFO: [ app_init ] --START--
INFO: Run Behavior\BuildLiteBehavior [ RunTime:0.000035s ]
INFO: [ app_init ] --END-- [ RunTime:0.000829s ]
ERR: Êó†Ê≥ïÂä†ËΩΩÊ®°Âùó:Shop

[ 2016-06-04T12:25:01+08:00 ] ::1 /Shop/Public/js/jquery.min.map
INFO: [ app_init ] --START--
INFO: Run Behavior\BuildLiteBehavior [ RunTime:0.000041s ]
INFO: [ app_init ] --END-- [ RunTime:0.000869s ]
ERR: Êó†Ê≥ïÂä†ËΩΩÊ®°Âùó:Shop

[ 2016-06-04T12:25:01+08:00 ] ::1 /Shop/Public/js/jquery.min.map
INFO: [ app_init ] --START--
INFO: Run Behavior\BuildLiteBehavior [ RunTime:0.000047s ]
INFO: [ app_init ] --END-- [ RunTime:0.000744s ]
ERR: Êó†Ê≥ïÂä†ËΩΩÊ®°Âùó:Shop

[ 2016-06-04T12:25:01+08:00 ] ::1 /Shop/Public/js/jquery.min.map
INFO: [ app_init ] --START--
INFO: Run Behavior\BuildLiteBehavior [ RunTime:0.000033s ]
INFO: [ app_init ] --END-- [ RunTime:0.000785s ]
ERR: Êó†Ê≥ïÂä†ËΩΩÊ®°Âùó:Shop

[ 2016-06-04T12:25:07+08:00 ] ::1 /Shop/Public/js/jquery.min.map
INFO: [ app_init ] --START--
INFO: Run Behavior\BuildLiteBehavior [ RunTime:0.000033s ]
INFO: [ app_init ] --END-- [ RunTime:0.000733s ]
ERR: Êó†Ê≥ïÂä†ËΩΩÊ®°Âùó:Shop

[ 2016-06-04T12:25:07+08:00 ] ::1 /Shop/Public/js/jquery.min.map
INFO: [ app_init ] --START--
INFO: Run Behavior\BuildLiteBehavior [ RunTime:0.000033s ]
INFO: [ app_init ] --END-- [ RunTime:0.000741s ]
ERR: Êó†Ê≥ïÂä†ËΩΩÊ®°Âùó:Shop

[ 2016-06-04T12:25:07+08:00 ] ::1 /Shop/Public/js/jquery.min.map
INFO: [ app_init ] --START--
INFO: Run Behavior\BuildLiteBehavior [ RunTime:0.000036s ]
INFO: [ app_init ] --END-- [ RunTime:0.001082s ]
ERR: Êó†Ê≥ïÂä†ËΩΩÊ®°Âùó:Shop

[ 2016-06-04T12:25:09+08:00 ] ::1 /Shop/Public/js/jquery.min.map
INFO: [ app_init ] --START--
INFO: Run Behavior\BuildLiteBehavior [ RunTime:0.000135s ]
INFO: [ app_init ] --END-- [ RunTime:0.000899s ]
ERR: Êó†Ê≥ïÂä†ËΩΩÊ®°Âùó:Shop

[ 2016-06-04T12:25:09+08:00 ] ::1 /Shop/Public/js/jquery.min.map
INFO: [ app_init ] --START--
INFO: Run Behavior\BuildLiteBehavior [ RunTime:0.000019s ]
INFO: [ app_init ] --END-- [ RunTime:0.000525s ]
ERR: Êó†Ê≥ïÂä†ËΩΩÊ®°Âùó:Shop

[ 2016-06-04T12:25:09+08:00 ] ::1 /Shop/Public/js/jquery.min.map
INFO: [ app_init ] --START--
INFO: Run Behavior\BuildLiteBehavior [ RunTime:0.000035s ]
INFO: [ app_init ] --END-- [ RunTime:0.000953s ]
ERR: Êó†Ê≥ïÂä†ËΩΩÊ®°Âùó:Shop

[ 2016-06-04T12:25:26+08:00 ] ::1 /Shop/Public/js/jquery.min.map
INFO: [ app_init ] --START--
INFO: Run Behavior\BuildLiteBehavior [ RunTime:0.000026s ]
INFO: [ app_init ] --END-- [ RunTime:0.000522s ]
ERR: Êó†Ê≥ïÂä†ËΩΩÊ®°Âùó:Shop

[ 2016-06-04T12:25:27+08:00 ] ::1 /Shop/Public/js/jquery.min.map
INFO: [ app_init ] --START--
INFO: Run Behavior\BuildLiteBehavior [ RunTime:0.000019s ]
INFO: [ app_init ] --END-- [ RunTime:0.000451s ]
ERR: Êó†Ê≥ïÂä†ËΩΩÊ®°Âùó:Shop

[ 2016-06-04T12:48:01+08:00 ] ::1 /favicon.ico
INFO: [ app_init ] --START--
INFO: Run Behavior\BuildLiteBehavior [ RunTime:0.000034s ]
INFO: [ app_init ] --END-- [ RunTime:0.000864s ]
ERR: Êó†Ê≥ïÂä†ËΩΩÊ®°Âùó:Favicon

[ 2016-06-04T12:48:01+08:00 ] ::1 /favicon.ico
INFO: [ app_init ] --START--
INFO: Run Behavior\BuildLiteBehavior [ RunTime:0.000021s ]
INFO: [ app_init ] --END-- [ RunTime:0.000450s ]
ERR: Êó†Ê≥ïÂä†ËΩΩÊ®°Âùó:Favicon

[ 2016-06-04T16:50:56+08:00 ] ::1 /Shop/Public/js/jquery.min.map
INFO: [ app_init ] --START--
INFO: Run Behavior\BuildLiteBehavior [ RunTime:0.000024s ]
INFO: [ app_init ] --END-- [ RunTime:0.000546s ]
ERR: Êó†Ê≥ïÂä†ËΩΩÊ®°Âùó:Shop

[ 2016-06-04T16:51:54+08:00 ] ::1 /Shop/Public/Shop/2016-06-04/small_5752962d95a5c.png
INFO: [ app_init ] --START--
INFO: Run Behavior\BuildLiteBehavior [ RunTime:0.000031s ]
INFO: [ app_init ] --END-- [ RunTime:0.000891s ]
ERR: Êó†Ê≥ïÂä†ËΩΩÊ®°Âùó:Shop

[ 2016-06-04T16:51:54+08:00 ] ::1 /Shop/Public/js/jquery.min.map
INFO: [ app_init ] --START--
INFO: Run Behavior\BuildLiteBehavior [ RunTime:0.000027s ]
INFO: [ app_init ] --END-- [ RunTime:0.000710s ]
ERR: Êó†Ê≥ïÂä†ËΩΩÊ®°Âùó:Shop

[ 2016-06-04T16:51:58+08:00 ] ::1 /Shop/Public/Shop/2016-06-04/57528f2383621.jpg
INFO: [ app_init ] --START--
INFO: Run Behavior\BuildLiteBehavior [ RunTime:0.000033s ]
INFO: [ app_init ] --END-- [ RunTime:0.000858s ]
ERR: Êó†Ê≥ïÂä†ËΩΩÊ®°Âùó:Shop

[ 2016-06-04T16:52:01+08:00 ] ::1 /Shop/Public/Shop/2016-06-04/575293f78983f.jpg
INFO: [ app_init ] --START--
INFO: Run Behavior\BuildLiteBehavior [ RunTime:0.000030s ]
INFO: [ app_init ] --END-- [ RunTime:0.000679s ]
ERR: Êó†Ê≥ïÂä†ËΩΩÊ®°Âùó:Shop

[ 2016-06-04T16:52:01+08:00 ] ::1 /Shop/Public/Shop/2016-06-04/57529406957fd.jpg
INFO: [ app_init ] --START--
INFO: Run Behavior\BuildLiteBehavior [ RunTime:0.000028s ]
INFO: [ app_init ] --END-- [ RunTime:0.000688s ]
ERR: Êó†Ê≥ïÂä†ËΩΩÊ®°Âùó:Shop

[ 2016-06-04T16:52:01+08:00 ] ::1 /Shop/Public/Shop/2016-06-04/575294c8a5502.jpg
INFO: [ app_init ] --START--
INFO: Run Behavior\BuildLiteBehavior [ RunTime:0.000032s ]
INFO: [ app_init ] --END-- [ RunTime:0.000650s ]
ERR: Êó†Ê≥ïÂä†ËΩΩÊ®°Âùó:Shop

[ 2016-06-04T16:52:01+08:00 ] ::1 /Shop/Public/Shop/2016-06-04/5752962d95a5c.png
INFO: [ app_init ] --START--
INFO: Run Behavior\BuildLiteBehavior [ RunTime:0.000064s ]
INFO: [ app_init ] --END-- [ RunTime:0.000700s ]
ERR: Êó†Ê≥ïÂä†ËΩΩÊ®°Âùó:Shop

[ 2016-06-04T16:52:01+08:00 ] ::1 /Shop/Public/Shop/2016-06-04/57529607be52e.jpg
INFO: [ app_init ] --START--
INFO: Run Behavior\BuildLiteBehavior [ RunTime:0.000035s ]
INFO: [ app_init ] --END-- [ RunTime:0.001077s ]
ERR: Êó†Ê≥ïÂä†ËΩΩÊ®°Âùó:Shop

[ 2016-06-04T16:52:31+08:00 ] ::1 /Shop/Public/js/jquery.min.map
INFO: [ app_init ] --START--
INFO: Run Behavior\BuildLiteBehavior [ RunTime:0.000022s ]
INFO: [ app_init ] --END-- [ RunTime:0.000804s ]
ERR: Êó†Ê≥ïÂä†ËΩΩÊ®°Âùó:Shop

[ 2016-06-04T16:52:41+08:00 ] ::1 /Shop/Public/Shop/2016-06-04/575293f78983f.jpg
INFO: [ app_init ] --START--
INFO: Run Behavior\BuildLiteBehavior [ RunTime:0.000019s ]
INFO: [ app_init ] --END-- [ RunTime:0.000576s ]
ERR: Êó†Ê≥ïÂä†ËΩΩÊ®°Âùó:Shop

[ 2016-06-04T16:54:01+08:00 ] ::1 /Shop/Public/js/jquery.min.map
INFO: [ app_init ] --START--
INFO: Run Behavior\BuildLiteBehavior [ RunTime:0.000030s ]
INFO: [ app_init ] --END-- [ RunTime:0.000702s ]
ERR: Êó†Ê≥ïÂä†ËΩΩÊ®°Âùó:Shop

[ 2016-06-04T16:54:01+08:00 ] ::1 /Shop/Public/js/jquery.min.map
INFO: [ app_init ] --START--
INFO: Run Behavior\BuildLiteBehavior [ RunTime:0.000034s ]
INFO: [ app_init ] --END-- [ RunTime:0.000774s ]
ERR: Êó†Ê≥ïÂä†ËΩΩÊ®°Âùó:Shop

[ 2016-06-04T16:54:14+08:00 ] ::1 /Shop/Public/js/jquery.min.map
INFO: [ app_init ] --START--
INFO: Run Behavior\BuildLiteBehavior [ RunTime:0.000028s ]
INFO: [ app_init ] --END-- [ RunTime:0.000847s ]
ERR: Êó†Ê≥ïÂä†ËΩΩÊ®°Âùó:Shop

[ 2016-06-04T16:54:22+08:00 ] ::1 /Shop/Public/js/jquery.min.map
INFO: [ app_init ] --START--
INFO: Run Behavior\BuildLiteBehavior [ RunTime:0.000027s ]
INFO: [ app_init ] --END-- [ RunTime:0.000642s ]
ERR: Êó†Ê≥ïÂä†ËΩΩÊ®°Âùó:Shop

[ 2016-06-04T16:54:22+08:00 ] ::1 /Shop/Public/js/jquery.min.map
INFO: [ app_init ] --START--
INFO: Run Behavior\BuildLiteBehavior [ RunTime:0.000031s ]
INFO: [ app_init ] --END-- [ RunTime:0.001147s ]
ERR: Êó†Ê≥ïÂä†ËΩΩÊ®°Âùó:Shop

[ 2016-06-04T16:54:26+08:00 ] ::1 /Shop/Public/Shop/2016-06-04/small_5752962d95a5c.png
INFO: [ app_init ] --START--
INFO: Run Behavior\BuildLiteBehavior [ RunTime:0.000033s ]
INFO: [ app_init ] --END-- [ RunTime:0.001158s ]
ERR: Êó†Ê≥ïÂä†ËΩΩÊ®°Âùó:Shop

[ 2016-06-04T16:54:26+08:00 ] ::1 /Shop/Public/js/jquery.min.map
INFO: [ app_init ] --START--
INFO: Run Behavior\BuildLiteBehavior [ RunTime:0.000034s ]
INFO: [ app_init ] --END-- [ RunTime:0.001391s ]
ERR: Êó†Ê≥ïÂä†ËΩΩÊ®°Âùó:Shop

[ 2016-06-04T16:54:31+08:00 ] ::1 /Shop/Public/js/jquery.min.map
INFO: [ app_init ] --START--
INFO: Run Behavior\BuildLiteBehavior [ RunTime:0.000020s ]
INFO: [ app_init ] --END-- [ RunTime:0.000610s ]
ERR: Êó†Ê≥ïÂä†ËΩΩÊ®°Âùó:Shop

[ 2016-06-04T16:55:25+08:00 ] ::1 /Shop/Public/Shop/2016-06-04/575293f78983f.jpg
INFO: [ app_init ] --START--
INFO: Run Behavior\BuildLiteBehavior [ RunTime:0.000034s ]
INFO: [ app_init ] --END-- [ RunTime:0.001250s ]
ERR: Êó†Ê≥ïÂä†ËΩΩÊ®°Âùó:Shop

[ 2016-06-04T16:55:25+08:00 ] ::1 /Shop/Public/Shop/2016-06-04/5752962d95a5c.png
INFO: [ app_init ] --START--
INFO: Run Behavior\BuildLiteBehavior [ RunTime:0.000030s ]
INFO: [ app_init ] --END-- [ RunTime:0.000637s ]
ERR: Êó†Ê≥ïÂä†ËΩΩÊ®°Âùó:Shop

[ 2016-06-04T16:55:25+08:00 ] ::1 /Shop/Public/Shop/2016-06-04/57529406957fd.jpg
INFO: [ app_init ] --START--
INFO: Run Behavior\BuildLiteBehavior [ RunTime:0.000030s ]
INFO: [ app_init ] --END-- [ RunTime:0.000835s ]
ERR: Êó†Ê≥ïÂä†ËΩΩÊ®°Âùó:Shop

[ 2016-06-04T16:55:25+08:00 ] ::1 /Shop/Public/Shop/2016-06-04/575294c8a5502.jpg
INFO: [ app_init ] --START--
INFO: Run Behavior\BuildLiteBehavior [ RunTime:0.000032s ]
INFO: [ app_init ] --END-- [ RunTime:0.000783s ]
ERR: Êó†Ê≥ïÂä†ËΩΩÊ®°Âùó:Shop

[ 2016-06-04T16:55:25+08:00 ] ::1 /Shop/Public/Shop/2016-06-04/57529607be52e.jpg
INFO: [ app_init ] --START--
INFO: Run Behavior\BuildLiteBehavior [ RunTime:0.000037s ]
INFO: [ app_init ] --END-- [ RunTime:0.002834s ]
ERR: Êó†Ê≥ïÂä†ËΩΩÊ®°Âùó:Shop

[ 2016-06-04T16:55:25+08:00 ] ::1 /Shop/Public/js/jquery.min.map
INFO: [ app_init ] --START--
INFO: Run Behavior\BuildLiteBehavior [ RunTime:0.000040s ]
INFO: [ app_init ] --END-- [ RunTime:0.001112s ]
ERR: Êó†Ê≥ïÂä†ËΩΩÊ®°Âùó:Shop

[ 2016-06-04T16:55:36+08:00 ] ::1 /Shop/Public/js/jquery.min.map
INFO: [ app_init ] --START--
INFO: Run Behavior\BuildLiteBehavior [ RunTime:0.000032s ]
INFO: [ app_init ] --END-- [ RunTime:0.000688s ]
ERR: Êó†Ê≥ïÂä†ËΩΩÊ®°Âùó:Shop

[ 2016-06-04T16:55:39+08:00 ] ::1 /Shop/Public/js/jquery.min.map
INFO: [ app_init ] --START--
INFO: Run Behavior\BuildLiteBehavior [ RunTime:0.000032s ]
INFO: [ app_init ] --END-- [ RunTime:0.000588s ]
ERR: Êó†Ê≥ïÂä†ËΩΩÊ®°Âùó:Shop

[ 2016-06-04T16:55:53+08:00 ] ::1 /Shop/Public/Shop/2016-06-04/575297949e185.png
INFO: [ app_init ] --START--
INFO: Run Behavior\BuildLiteBehavior [ RunTime:0.000021s ]
INFO: [ app_init ] --END-- [ RunTime:0.001072s ]
ERR: Êó†Ê≥ïÂä†ËΩΩÊ®°Âùó:Shop

[ 2016-06-04T16:56:00+08:00 ] ::1 /Shop/Public/js/jquery.min.map
INFO: [ app_init ] --START--
INFO: Run Behavior\BuildLiteBehavior [ RunTime:0.000031s ]
INFO: [ app_init ] --END-- [ RunTime:0.001212s ]
ERR: Êó†Ê≥ïÂä†ËΩΩÊ®°Âùó:Shop

[ 2016-06-04T16:56:12+08:00 ] ::1 /Shop/Public/Shop/2016-06-04/575297949e185.png
INFO: [ app_init ] --START--
INFO: Run Behavior\BuildLiteBehavior [ RunTime:0.000027s ]
INFO: [ app_init ] --END-- [ RunTime:0.001056s ]
ERR: Êó†Ê≥ïÂä†ËΩΩÊ®°Âùó:Shop

[ 2016-06-04T16:56:53+08:00 ] ::1 /Shop/Public/js/jquery.min.map
INFO: [ app_init ] --START--
INFO: Run Behavior\BuildLiteBehavior [ RunTime:0.000033s ]
INFO: [ app_init ] --END-- [ RunTime:0.000784s ]
ERR: Êó†Ê≥ïÂä†ËΩΩÊ®°Âùó:Shop

[ 2016-06-04T16:56:53+08:00 ] ::1 /Shop/Public/js/jquery.min.map
INFO: [ app_init ] --START--
INFO: Run Behavior\BuildLiteBehavior [ RunTime:0.000023s ]
INFO: [ app_init ] --END-- [ RunTime:0.000889s ]
ERR: Êó†Ê≥ïÂä†ËΩΩÊ®°Âùó:Shop

[ 2016-06-04T16:56:56+08:00 ] ::1 /Shop/Public/Shop/2016-06-04/575297949e185.png
INFO: [ app_init ] --START--
INFO: Run Behavior\BuildLiteBehavior [ RunTime:0.000033s ]
INFO: [ app_init ] --END-- [ RunTime:0.000899s ]
ERR: Êó†Ê≥ïÂä†ËΩΩÊ®°Âùó:Shop

[ 2016-06-04T16:56:56+08:00 ] ::1 /Shop/Public/js/jquery.min.map
INFO: [ app_init ] --START--
INFO: Run Behavior\BuildLiteBehavior [ RunTime:0.000047s ]
INFO: [ app_init ] --END-- [ RunTime:0.000955s ]
ERR: Êó†Ê≥ïÂä†ËΩΩÊ®°Âùó:Shop

[ 2016-06-04T16:58:14+08:00 ] ::1 /Shop/Public/js/jquery.min.map
INFO: [ app_init ] --START--
INFO: Run Behavior\BuildLiteBehavior [ RunTime:0.000034s ]
INFO: [ app_init ] --END-- [ RunTime:0.000838s ]
ERR: Êó†Ê≥ïÂä†ËΩΩÊ®°Âùó:Shop

[ 2016-06-04T16:58:14+08:00 ] ::1 /Shop/Public/js/jquery.min.map
INFO: [ app_init ] --START--
INFO: Run Behavior\BuildLiteBehavior [ RunTime:0.000028s ]
INFO: [ app_init ] --END-- [ RunTime:0.000843s ]
ERR: Êó†Ê≥ïÂä†ËΩΩÊ®°Âùó:Shop

[ 2016-06-04T16:58:14+08:00 ] ::1 /Shop/Public/js/jquery.min.map
INFO: [ app_init ] --START--
INFO: Run Behavior\BuildLiteBehavior [ RunTime:0.000021s ]
INFO: [ app_init ] --END-- [ RunTime:0.000670s ]
ERR: Êó†Ê≥ïÂä†ËΩΩÊ®°Âùó:Shop

[ 2016-06-04T16:58:17+08:00 ] ::1 /Shop/Public/js/jquery.min.map
INFO: [ app_init ] --START--
INFO: Run Behavior\BuildLiteBehavior [ RunTime:0.000035s ]
INFO: [ app_init ] --END-- [ RunTime:0.000862s ]
ERR: Êó†Ê≥ïÂä†ËΩΩÊ®°Âùó:Shop

[ 2016-06-04T16:59:48+08:00 ] ::1 /Shop/Public/js/jquery.min.map
INFO: [ app_init ] --START--
INFO: Run Behavior\BuildLiteBehavior [ RunTime:0.000033s ]
INFO: [ app_init ] --END-- [ RunTime:0.000782s ]
ERR: Êó†Ê≥ïÂä†ËΩΩÊ®°Âùó:Shop

[ 2016-06-04T16:59:51+08:00 ] ::1 /Shop/Public/js/jquery.min.map
INFO: [ app_init ] --START--
INFO: Run Behavior\BuildLiteBehavior [ RunTime:0.000020s ]
INFO: [ app_init ] --END-- [ RunTime:0.000553s ]
ERR: Êó†Ê≥ïÂä†ËΩΩÊ®°Âùó:Shop

[ 2016-06-04T17:00:20+08:00 ] ::1 /Shop/Public/js/jquery.min.map
INFO: [ app_init ] --START--
INFO: Run Behavior\BuildLiteBehavior [ RunTime:0.000033s ]
INFO: [ app_init ] --END-- [ RunTime:0.000833s ]
ERR: Êó†Ê≥ïÂä†ËΩΩÊ®°Âùó:Shop

[ 2016-06-04T17:00:20+08:00 ] ::1 /Shop/Public/js/jquery.min.map
INFO: [ app_init ] --START--
INFO: Run Behavior\BuildLiteBehavior [ RunTime:0.000029s ]
INFO: [ app_init ] --END-- [ RunTime:0.000666s ]
ERR: Êó†Ê≥ïÂä†ËΩΩÊ®°Âùó:Shop

[ 2016-06-04T17:00:20+08:00 ] ::1 /Shop/Public/js/jquery.min.map
INFO: [ app_init ] --START--
INFO: Run Behavior\BuildLiteBehavior [ RunTime:0.000035s ]
INFO: [ app_init ] --END-- [ RunTime:0.000653s ]
ERR: Êó†Ê≥ïÂä†ËΩΩÊ®°Âùó:Shop

[ 2016-06-04T17:00:23+08:00 ] ::1 /Shop/Public/js/jquery.min.map
INFO: [ app_init ] --START--
INFO: Run Behavior\BuildLiteBehavior [ RunTime:0.000020s ]
INFO: [ app_init ] --END-- [ RunTime:0.000684s ]
ERR: Êó†Ê≥ïÂä†ËΩΩÊ®°Âùó:Shop

[ 2016-06-04T17:30:18+08:00 ] ::1 /Shop/Public/Upload/Shop/2016-06-04/575297949e185.png
INFO: [ app_init ] --START--
INFO: Run Behavior\BuildLiteBehavior [ RunTime:0.000019s ]
INFO: [ app_init ] --END-- [ RunTime:0.000448s ]
ERR: Êó†Ê≥ïÂä†ËΩΩÊ®°Âùó:Shop

[ 2016-06-04T17:30:19+08:00 ] ::1 /Shop/Public/js/jquery.min.map
INFO: [ app_init ] --START--
INFO: Run Behavior\BuildLiteBehavior [ RunTime:0.000034s ]
INFO: [ app_init ] --END-- [ RunTime:0.000939s ]
ERR: Êó†Ê≥ïÂä†ËΩΩÊ®°Âùó:Shop

[ 2016-06-04T17:31:36+08:00 ] ::1 /Shop/Public/Upload/Shop/2016-06-04/575297949e185.png
INFO: [ app_init ] --START--
INFO: Run Behavior\BuildLiteBehavior [ RunTime:0.000020s ]
INFO: [ app_init ] --END-- [ RunTime:0.000474s ]
ERR: Êó†Ê≥ïÂä†ËΩΩÊ®°Âùó:Shop

[ 2016-06-04T17:32:52+08:00 ] ::1 /Shop/Public/Upload/Shop/2016-06-04/575297949e185.png
INFO: [ app_init ] --START--
INFO: Run Behavior\BuildLiteBehavior [ RunTime:0.000031s ]
INFO: [ app_init ] --END-- [ RunTime:0.000747s ]
ERR: Êó†Ê≥ïÂä†ËΩΩÊ®°Âùó:Shop

[ 2016-06-04T17:33:06+08:00 ] ::1 /Shop/Public/Upload/Shop/2016-06-04/575297949e185.png
INFO: [ app_init ] --START--
INFO: Run Behavior\BuildLiteBehavior [ RunTime:0.000033s ]
INFO: [ app_init ] --END-- [ RunTime:0.000775s ]
ERR: Êó†Ê≥ïÂä†ËΩΩÊ®°Âùó:Shop

[ 2016-06-04T17:34:07+08:00 ] ::1 /Shop/Public/Upload/Shop/2016-06-04/575297949e185.png
INFO: [ app_init ] --START--
INFO: Run Behavior\BuildLiteBehavior [ RunTime:0.000020s ]
INFO: [ app_init ] --END-- [ RunTime:0.000595s ]
ERR: Êó†Ê≥ïÂä†ËΩΩÊ®°Âùó:Shop

[ 2016-06-04T17:34:09+08:00 ] ::1 /Shop/Public/Upload/Shop/2016-06-04/575297949e185.png
INFO: [ app_init ] --START--
INFO: Run Behavior\BuildLiteBehavior [ RunTime:0.000034s ]
INFO: [ app_init ] --END-- [ RunTime:0.001049s ]
ERR: Êó†Ê≥ïÂä†ËΩΩÊ®°Âùó:Shop

[ 2016-06-04T17:34:11+08:00 ] ::1 /Shop/Public/Upload/Shop/2016-06-04/575297949e185.png
INFO: [ app_init ] --START--
INFO: Run Behavior\BuildLiteBehavior [ RunTime:0.000033s ]
INFO: [ app_init ] --END-- [ RunTime:0.000988s ]
ERR: Êó†Ê≥ïÂä†ËΩΩÊ®°Âùó:Shop

[ 2016-06-04T17:34:27+08:00 ] ::1 /Shop/Public/Upload/Shop/2016-06-04/575297949e185.png
INFO: [ app_init ] --START--
INFO: Run Behavior\BuildLiteBehavior [ RunTime:0.000031s ]
INFO: [ app_init ] --END-- [ RunTime:0.000834s ]
ERR: Êó†Ê≥ïÂä†ËΩΩÊ®°Âùó:Shop

[ 2016-06-04T17:34:43+08:00 ] ::1 /Shop/Public/Upload/Shop/2016-06-04/575297949e185.png
INFO: [ app_init ] --START--
INFO: Run Behavior\BuildLiteBehavior [ RunTime:0.000032s ]
INFO: [ app_init ] --END-- [ RunTime:0.000839s ]
ERR: Êó†Ê≥ïÂä†ËΩΩÊ®°Âùó:Shop

[ 2016-06-04T17:35:28+08:00 ] ::1 /Shop/Public/Upload/Shop/2016-06-04/575297949e185.png
INFO: [ app_init ] --START--
INFO: Run Behavior\BuildLiteBehavior [ RunTime:0.000037s ]
INFO: [ app_init ] --END-- [ RunTime:0.000756s ]
ERR: Êó†Ê≥ïÂä†ËΩΩÊ®°Âùó:Shop

[ 2016-06-04T17:36:07+08:00 ] ::1 /Shop/Public/Upload/Shop/2016-06-04/575297949e185.png
INFO: [ app_init ] --START--
INFO: Run Behavior\BuildLiteBehavior [ RunTime:0.000034s ]
INFO: [ app_init ] --END-- [ RunTime:0.000890s ]
ERR: Êó†Ê≥ïÂä†ËΩΩÊ®°Âùó:Shop

[ 2016-06-04T17:36:08+08:00 ] ::1 /Shop/Public/Upload/Shop/2016-06-04/575297949e185.png
INFO: [ app_init ] --START--
INFO: Run Behavior\BuildLiteBehavior [ RunTime:0.000045s ]
INFO: [ app_init ] --END-- [ RunTime:0.001094s ]
ERR: Êó†Ê≥ïÂä†ËΩΩÊ®°Âùó:Shop

[ 2016-06-04T17:36:13+08:00 ] ::1 /Shop/Public/Upload/Shop/2016-06-04/575297949e185.png
INFO: [ app_init ] --START--
INFO: Run Behavior\BuildLiteBehavior [ RunTime:0.000020s ]
INFO: [ app_init ] --END-- [ RunTime:0.000523s ]
ERR: Êó†Ê≥ïÂä†ËΩΩÊ®°Âùó:Shop

[ 2016-06-04T17:36:59+08:00 ] ::1 /Shop/Public/Upload/Shop/2016-06-04/575297949e185.png
INFO: [ app_init ] --START--
INFO: Run Behavior\BuildLiteBehavior [ RunTime:0.000031s ]
INFO: [ app_init ] --END-- [ RunTime:0.000763s ]
ERR: Êó†Ê≥ïÂä†ËΩΩÊ®°Âùó:Shop

[ 2016-06-04T17:37:11+08:00 ] ::1 /Shop/Public/Upload/Shop/2016-06-04/575297949e185.png
INFO: [ app_init ] --START--
INFO: Run Behavior\BuildLiteBehavior [ RunTime:0.000020s ]
INFO: [ app_init ] --END-- [ RunTime:0.000580s ]
ERR: Êó†Ê≥ïÂä†ËΩΩÊ®°Âùó:Shop

[ 2016-06-04T17:37:15+08:00 ] ::1 /Shop/Public/Upload/Shop/2016-06-04/575297949e185.png
INFO: [ app_init ] --START--
INFO: Run Behavior\BuildLiteBehavior [ RunTime:0.000031s ]
INFO: [ app_init ] --END-- [ RunTime:0.000788s ]
ERR: Êó†Ê≥ïÂä†ËΩΩÊ®°Âùó:Shop

[ 2016-06-04T17:39:10+08:00 ] ::1 /Shop/Public/Upload/Shop/2016-06-04/575297949e185.png
INFO: [ app_init ] --START--
INFO: Run Behavior\BuildLiteBehavior [ RunTime:0.000030s ]
INFO: [ app_init ] --END-- [ RunTime:0.000691s ]
ERR: Êó†Ê≥ïÂä†ËΩΩÊ®°Âùó:Shop

[ 2016-06-04T17:39:14+08:00 ] ::1 /Shop/Public/js/jquery.min.map
INFO: [ app_init ] --START--
INFO: Run Behavior\BuildLiteBehavior [ RunTime:0.000029s ]
INFO: [ app_init ] --END-- [ RunTime:0.000664s ]
ERR: Êó†Ê≥ïÂä†ËΩΩÊ®°Âùó:Shop

[ 2016-06-04T17:39:23+08:00 ] ::1 /Shop/Public/js/jquery.min.map
INFO: [ app_init ] --START--
INFO: Run Behavior\BuildLiteBehavior [ RunTime:0.000030s ]
INFO: [ app_init ] --END-- [ RunTime:0.000958s ]
ERR: Êó†Ê≥ïÂä†ËΩΩÊ®°Âùó:Shop

[ 2016-06-04T17:39:23+08:00 ] ::1 /Shop/Public/js/jquery.min.map
INFO: [ app_init ] --START--
INFO: Run Behavior\BuildLiteBehavior [ RunTime:0.000034s ]
INFO: [ app_init ] --END-- [ RunTime:0.001103s ]
ERR: Êó†Ê≥ïÂä†ËΩΩÊ®°Âùó:Shop

[ 2016-06-04T17:39:30+08:00 ] ::1 /Shop/Public/js/jquery.min.map
INFO: [ app_init ] --START--
INFO: Run Behavior\BuildLiteBehavior [ RunTime:0.000031s ]
INFO: [ app_init ] --END-- [ RunTime:0.000746s ]
ERR: Êó†Ê≥ïÂä†ËΩΩÊ®°Âùó:Shop

[ 2016-06-04T17:39:30+08:00 ] ::1 /Shop/Public/js/jquery.min.map
INFO: [ app_init ] --START--
INFO: Run Behavior\BuildLiteBehavior [ RunTime:0.000031s ]
INFO: [ app_init ] --END-- [ RunTime:0.000872s ]
ERR: Êó†Ê≥ïÂä†ËΩΩÊ®°Âùó:Shop

[ 2016-06-04T17:39:30+08:00 ] ::1 /Shop/Public/js/jquery.min.map
INFO: [ app_init ] --START--
INFO: Run Behavior\BuildLiteBehavior [ RunTime:0.000020s ]
INFO: [ app_init ] --END-- [ RunTime:0.000519s ]
ERR: Êó†Ê≥ïÂä†ËΩΩÊ®°Âùó:Shop

[ 2016-06-04T17:39:32+08:00 ] ::1 /Shop/Public/js/jquery.min.map
INFO: [ app_init ] --START--
INFO: Run Behavior\BuildLiteBehavior [ RunTime:0.000032s ]
INFO: [ app_init ] --END-- [ RunTime:0.000791s ]
ERR: Êó†Ê≥ïÂä†ËΩΩÊ®°Âùó:Shop

[ 2016-06-04T17:39:32+08:00 ] ::1 /Shop/Public/js/jquery.min.map
INFO: [ app_init ] --START--
INFO: Run Behavior\BuildLiteBehavior [ RunTime:0.000034s ]
INFO: [ app_init ] --END-- [ RunTime:0.000881s ]
ERR: Êó†Ê≥ïÂä†ËΩΩÊ®°Âùó:Shop

[ 2016-06-04T17:39:36+08:00 ] ::1 /Shop/Public/Upload/Shop/2016-06-04/575297949e185.png
INFO: [ app_init ] --START--
INFO: Run Behavior\BuildLiteBehavior [ RunTime:0.000020s ]
INFO: [ app_init ] --END-- [ RunTime:0.000464s ]
ERR: Êó†Ê≥ïÂä†ËΩΩÊ®°Âùó:Shop

[ 2016-06-04T17:39:36+08:00 ] ::1 /Shop/Public/js/jquery.min.map
INFO: [ app_init ] --START--
INFO: Run Behavior\BuildLiteBehavior [ RunTime:0.000032s ]
INFO: [ app_init ] --END-- [ RunTime:0.000751s ]
ERR: Êó†Ê≥ïÂä†ËΩΩÊ®°Âùó:Shop

[ 2016-06-04T17:39:49+08:00 ] ::1 /Shop/Public/js/jquery.min.map
INFO: [ app_init ] --START--
INFO: Run Behavior\BuildLiteBehavior [ RunTime:0.000030s ]
INFO: [ app_init ] --END-- [ RunTime:0.000696s ]
ERR: Êó†Ê≥ïÂä†ËΩΩÊ®°Âùó:Shop

[ 2016-06-04T17:39:49+08:00 ] ::1 /Shop/Public/js/jquery.min.map
INFO: [ app_init ] --START--
INFO: Run Behavior\BuildLiteBehavior [ RunTime:0.000030s ]
INFO: [ app_init ] --END-- [ RunTime:0.000641s ]
ERR: Êó†Ê≥ïÂä†ËΩΩÊ®°Âùó:Shop

[ 2016-06-04T17:39:49+08:00 ] ::1 /Shop/Public/js/jquery.min.map
INFO: [ app_init ] --START--
INFO: Run Behavior\BuildLiteBehavior [ RunTime:0.000036s ]
INFO: [ app_init ] --END-- [ RunTime:0.000783s ]
ERR: Êó†Ê≥ïÂä†ËΩΩÊ®°Âùó:Shop

[ 2016-06-04T17:39:52+08:00 ] ::1 /Shop/Public/Upload/Shop/2016-06-04/575297949e185.png
INFO: [ app_init ] --START--
INFO: Run Behavior\BuildLiteBehavior [ RunTime:0.000024s ]
INFO: [ app_init ] --END-- [ RunTime:0.000811s ]
ERR: Êó†Ê≥ïÂä†ËΩΩÊ®°Âùó:Shop

[ 2016-06-04T17:39:52+08:00 ] ::1 /Shop/Public/js/jquery.min.map
INFO: [ app_init ] --START--
INFO: Run Behavior\BuildLiteBehavior [ RunTime:0.000041s ]
INFO: [ app_init ] --END-- [ RunTime:0.000817s ]
ERR: Êó†Ê≥ïÂä†ËΩΩÊ®°Âùó:Shop

[ 2016-06-04T17:40:04+08:00 ] ::1 /Shop/Public/js/jquery.min.map
INFO: [ app_init ] --START--
INFO: Run Behavior\BuildLiteBehavior [ RunTime:0.000017s ]
INFO: [ app_init ] --END-- [ RunTime:0.000405s ]
ERR: Êó†Ê≥ïÂä†ËΩΩÊ®°Âùó:Shop

[ 2016-06-04T17:40:17+08:00 ] ::1 /Shop/Public/js/jquery.min.map
INFO: [ app_init ] --START--
INFO: Run Behavior\BuildLiteBehavior [ RunTime:0.000036s ]
INFO: [ app_init ] --END-- [ RunTime:0.000720s ]
ERR: Êó†Ê≥ïÂä†ËΩΩÊ®°Âùó:Shop

[ 2016-06-04T17:40:17+08:00 ] ::1 /Shop/Public/js/jquery.min.map
INFO: [ app_init ] --START--
INFO: Run Behavior\BuildLiteBehavior [ RunTime:0.000019s ]
INFO: [ app_init ] --END-- [ RunTime:0.000448s ]
ERR: Êó†Ê≥ïÂä†ËΩΩÊ®°Âùó:Shop

[ 2016-06-04T17:40:17+08:00 ] ::1 /Shop/Public/js/jquery.min.map
INFO: [ app_init ] --START--
INFO: Run Behavior\BuildLiteBehavior [ RunTime:0.000035s ]
INFO: [ app_init ] --END-- [ RunTime:0.000946s ]
ERR: Êó†Ê≥ïÂä†ËΩΩÊ®°Âùó:Shop

[ 2016-06-04T17:44:32+08:00 ] ::1 /Shop/Public/Upload/Shop/2016-06-04/575297949e185.png
INFO: [ app_init ] --START--
INFO: Run Behavior\BuildLiteBehavior [ RunTime:0.000020s ]
INFO: [ app_init ] --END-- [ RunTime:0.000473s ]
ERR: Êó†Ê≥ïÂä†ËΩΩÊ®°Âùó:Shop

[ 2016-06-04T17:45:02+08:00 ] ::1 /Shop/Public/Upload/Shop/2016-06-04/575297949e185.png
INFO: [ app_init ] --START--
INFO: Run Behavior\BuildLiteBehavior [ RunTime:0.000027s ]
INFO: [ app_init ] --END-- [ RunTime:0.000662s ]
ERR: Êó†Ê≥ïÂä†ËΩΩÊ®°Âùó:Shop

[ 2016-06-04T18:03:29+08:00 ] ::1 /Shop/Public/Upload/Shop/2016-06-04/575297949e185.png
INFO: [ app_init ] --START--
INFO: Run Behavior\BuildLiteBehavior [ RunTime:0.000033s ]
INFO: [ app_init ] --END-- [ RunTime:0.000846s ]
ERR: Êó†Ê≥ïÂä†ËΩΩÊ®°Âùó:Shop

[ 2016-06-04T18:06:47+08:00 ] ::1 /Shop/Public/Upload/Shop/2016-06-04/575297949e185.png
INFO: [ app_init ] --START--
INFO: Run Behavior\BuildLiteBehavior [ RunTime:0.000039s ]
INFO: [ app_init ] --END-- [ RunTime:0.001031s ]
ERR: Êó†Ê≥ïÂä†ËΩΩÊ®°Âùó:Shop

[ 2016-06-04T18:16:12+08:00 ] ::1 /Shop/Public/Upload/Shop/2016-06-04/575297949e185.png
INFO: [ app_init ] --START--
INFO: Run Behavior\BuildLiteBehavior [ RunTime:0.000028s ]
INFO: [ app_init ] --END-- [ RunTime:0.000625s ]
ERR: Êó†Ê≥ïÂä†ËΩΩÊ®°Âùó:Shop

